<?xml version="1.0" encoding="UTF-8"?>
<!-- Generated by org.testng.reporters.JUnitXMLReporter -->
<testsuite ignored="1" hostname="DESKTOP-AL2CIG6" failures="1" tests="6" name="Regression" time="0.182" errors="0" timestamp="2021-03-24T14:16:16 BDT">
  <testcase classname="test.Day1" name="Demo1day1" time="0.012"/>
  <testcase classname="test.Day1" name="Demo1day11" time="0.006"/>
  <testcase classname="test.Day1" name="Demo1day12" time="0.003"/>
  <testcase classname="test.Day1" name="Demo3day1" time="0.012">
    <failure type="java.lang.AssertionError" message="expected [true] but found [false]">
      <![CDATA[java.lang.AssertionError: expected [true] but found [false]
at test.Day1.Demo3day1(Day1.java:45)
at java.base/java.util.ArrayList.forEach(ArrayList.java:1507)
at java.base/java.util.concurrent.FutureTask.run(FutureTask.java:264)
at java.base/java.util.concurrent.ThreadPoolExecutor.runWorker(ThreadPoolExecutor.java:1128)
at java.base/java.util.concurrent.ThreadPoolExecutor$Worker.run(ThreadPoolExecutor.java:628)
at java.base/java.lang.Thread.run(Thread.java:830)
... Removed 22 stack frames]]>
    </failure>
  </testcase> <!-- Demo3day1 -->
  <testcase classname="test.Day2" name="demo1day2" time="0.008"/>
  <testcase classname="test.Day2" name="demo4day2" time="0.002"/>
  <testcase classname="test.Day2" name="demo3day2" time="0.0">
    <ignored/>
  </testcase> <!-- demo3day2 -->
</testsuite> <!-- Regression -->
